<?xml version="1.0" encoding="UTF-8"?>
<!-- Generated by org.testng.reporters.JUnitReportReporter -->
<testsuite hostname="LAPTOP-V15DHDLV" failures="0" tests="1" name="loanapplications.PersonalLoanApplicationTests" time="0.009" errors="0" timestamp="2022-09-28T09:35:36 IST" skipped="0">
  <testcase classname="loanapplications.PersonalLoanApplicationTests" name="PersonalLoanLoginWeb" time="0.009"/>
  <system-out/>
</testsuite> <!-- loanapplications.PersonalLoanApplicationTests -->
