<?xml version="1.0" encoding="UTF-8"?>
<!-- Generated by org.testng.reporters.JUnitReportReporter -->
<testsuite hostname="LAPTOP-V15DHDLV" failures="0" tests="3" name="com.javatpoint.Car_loan" time="0.014" errors="0" timestamp="2023-12-19T14:32:29 IST" skipped="0">
  <testcase classname="com.javatpoint.Car_loan" name="WebLoginCarLoan" time="0.001"/>
  <system-out/>
  <testcase classname="com.javatpoint.Car_loan" name="MobileLoginCarLoan" time="0.002"/>
  <system-out/>
  <testcase classname="com.javatpoint.Car_loan" name="APILoginCarLoan" time="0.011"/>
  <system-out/>
</testsuite> <!-- com.javatpoint.Car_loan -->
