<?xml version="1.0" encoding="UTF-8"?>
<!-- Generated by org.testng.reporters.JUnitReportReporter -->
<testsuite hostname="LAPTOP-V15DHDLV" failures="0" tests="1" name="com.javatpoint.Home_loan" time="0.002" errors="0" timestamp="2023-09-14T16:06:20 IST" skipped="0">
  <testcase classname="com.javatpoint.Home_loan" name="MobileLoginHomeLoan" time="0.002"/>
  <system-out/>
</testsuite> <!-- com.javatpoint.Home_loan -->
