<?xml version="1.0" encoding="UTF-8"?>
<!-- Generated by org.testng.reporters.JUnitReportReporter -->
<testsuite hostname="LAPTOP-V15DHDLV" failures="0" tests="3" name="com.javatpoint.Groups" time="0.016" errors="0" timestamp="2023-12-19T14:51:38 IST" skipped="0">
  <testcase classname="com.javatpoint.Groups" name="testcase2" time="0.002"/>
  <system-out/>
  <testcase classname="com.javatpoint.Groups" name="testcase1" time="0.013"/>
  <system-out/>
  <testcase classname="com.javatpoint.Groups" name="testcase3" time="0.001"/>
  <system-out/>
</testsuite> <!-- com.javatpoint.Groups -->
