<?xml version="1.0" encoding="UTF-8"?>
<!-- Generated by org.testng.reporters.JUnitReportReporter -->
<testsuite hostname="LAPTOP-V15DHDLV" failures="0" tests="1" name="practice.testNG.TestClass" time="0.010" errors="0" timestamp="2023-12-19T14:49:50 IST" skipped="0">
  <testcase classname="practice.testNG.TestClass" name="blue" time="0.010"/>
</testsuite> <!-- practice.testNG.TestClass -->
