<?xml version="1.0" encoding="UTF-8"?>
<!-- Generated by org.testng.reporters.JUnitReportReporter -->
<testsuite hostname="LAPTOP-V15DHDLV" failures="0" tests="3" name="com.sel.test.SecondTest" time="43.869" errors="0" timestamp="2023-12-19T17:00:51 IST" skipped="0">
  <testcase classname="com.sel.test.SecondTest" name="TestMyntra" time="25.977"/>
  <testcase classname="com.sel.test.SecondTest" name="TestFlipkart" time="9.374"/>
  <testcase classname="com.sel.test.SecondTest" name="TestAmazon" time="8.518"/>
</testsuite> <!-- com.sel.test.SecondTest -->
