<?xml version="1.0" encoding="UTF-8"?>
<!-- Generated by org.testng.reporters.JUnitReportReporter -->
<testsuite hostname="LAPTOP-V15DHDLV" failures="0" tests="2" name="com.sel.test.FirstTest" time="15.295" errors="0" timestamp="2023-12-19T17:00:51 IST" skipped="0">
  <testcase classname="com.sel.test.FirstTest" name="TestGoogle" time="7.791"/>
  <testcase classname="com.sel.test.FirstTest" name="TestFacebook" time="7.504"/>
</testsuite> <!-- com.sel.test.FirstTest -->
