<?xml version="1.0" encoding="UTF-8"?>
<!-- Generated by org.testng.reporters.JUnitReportReporter -->
<testsuite hostname="LAPTOP-V15DHDLV" failures="0" tests="1" name="TestClass" time="0.015" errors="0" timestamp="2023-11-22T16:00:30 IST" skipped="0">
  <testcase classname="TestClass" name="foo" time="0.015"/>
  <system-out/>
</testsuite> <!-- TestClass -->
